Logfile initialized
[INFO] logfile = /Users/dbecker/ATT_APIPlatform_DemoApps/titanium/ATTContacts/build.log
[DEBUG] /Users/dbecker/Library/Application Support/Titanium/mobilesdk/osx/3.1.0.GA/android/builder.py install ATTContacts /Applications/android-sdk /Users/dbecker/ATT_APIPlatform_DemoApps/titanium/ATTContacts com.att.developer.contacts 2
[INFO] Titanium SDK version: 3.1.0 (04/15/13 18:45 57634ef)
[DEBUG] Waiting for device to be ready ...
[TRACE] adb devices returned 1 devices/emulators
[DEBUG] Device connected... (waited 0 seconds)
[DEBUG] waited 0.032144 seconds on emulator to get ready
[DEBUG] com.att.developer.contacts installed? False
[INFO] Copying CommonJS modules...
[INFO] Copying project resources..
[TRACE] COPYING MODIFIED FILE: /Users/dbecker/ATT_APIPlatform_DemoApps/titanium/ATTContacts/Resources/ui/ContactsSearchView.js => /Users/dbecker/ATT_APIPlatform_DemoApps/titanium/ATTContacts/build/android/bin/assets/Resources/ui/ContactsSearchView.js
[DEBUG] LiveView not enabled
[TRACE] Generating Java Classes
[DEBUG] Processing Android resource drawables
[DEBUG] copying app icon: /Users/dbecker/ATT_APIPlatform_DemoApps/titanium/ATTContacts/build/android/bin/assets/Resources/appicon.png
[DEBUG] generating theme.xml
[DEBUG] found splash screen at /Users/dbecker/ATT_APIPlatform_DemoApps/titanium/ATTContacts/build/android/bin/assets/Resources/default.png
[TRACE] Writing out AndroidManifest.xml
[DEBUG] adding /Users/dbecker/ATT_APIPlatform_DemoApps/titanium/ATTContacts/build/android/gen/com/att/developer/contacts/AttcontactsActivity.java to javac build list
[DEBUG] adding /Users/dbecker/ATT_APIPlatform_DemoApps/titanium/ATTContacts/build/android/gen/com/att/developer/contacts/AttcontactsAppInfo.java to javac build list
[DEBUG] adding /Users/dbecker/ATT_APIPlatform_DemoApps/titanium/ATTContacts/build/android/gen/com/att/developer/contacts/AttcontactsApplication.java to javac build list
[DEBUG] adding /Users/dbecker/ATT_APIPlatform_DemoApps/titanium/ATTContacts/build/android/gen/com/att/developer/contacts/R.java to javac build list
[DEBUG] Building Java Sources: "/Users/dbecker/ATT_APIPlatform_DemoApps/titanium/ATTContacts/build/android/gen/com/att/developer/contacts/AttcontactsActivity.java" "/Users/dbecker/ATT_APIPlatform_DemoApps/titanium/ATTContacts/build/android/gen/com/att/developer/contacts/AttcontactsAppInfo.java" "/Users/dbecker/ATT_APIPlatform_DemoApps/titanium/ATTContacts/build/android/gen/com/att/developer/contacts/AttcontactsApplication.java" "/Users/dbecker/ATT_APIPlatform_DemoApps/titanium/ATTContacts/build/android/gen/com/att/developer/contacts/R.java"
[INFO] Compiling Android Resources... This could take some time
[DEBUG] Android classes.dex built
[DEBUG] creating unsigned apk: /Users/dbecker/ATT_APIPlatform_DemoApps/titanium/ATTContacts/build/android/bin/app-unsigned.apk
[DEBUG] from resource zip => assets/Resources/images/android/bg.jpg
[DEBUG] from resource zip => assets/Resources/images/android/bg_large.jpg
[DEBUG] from resource zip => assets/Resources/images/listeningWave/listeningWave01.png
[DEBUG] from resource zip => assets/Resources/images/listeningWave/listeningWave02.png
[DEBUG] from resource zip => assets/Resources/images/listeningWave/listeningWave03.png
[DEBUG] from resource zip => assets/Resources/images/listeningWave/listeningWave04.png
[DEBUG] from resource zip => assets/Resources/images/listeningWave/listeningWave05.png
[DEBUG] from resource zip => assets/Resources/images/listeningWave/listeningWave06.png
[DEBUG] from resource zip => assets/Resources/images/listeningWave/listeningWave07.png
[DEBUG] from resource zip => assets/Resources/images/listeningWave/listeningWave08.png
[DEBUG] from resource zip => assets/Resources/images/listeningWave/listeningWave09.png
[DEBUG] from resource zip => assets/Resources/images/listeningWave/listeningWave10.png
[DEBUG] from resource zip => assets/Resources/images/Animated_WAVE.gif
[DEBUG] from resource zip => assets/Resources/images/bg.jpg
[DEBUG] from resource zip => assets/Resources/images/search_button.png
[DEBUG] from resource zip => assets/Resources/res/drawable/appicon.png
[DEBUG] from resource zip => assets/Resources/res/drawable-hdpi/appicon.png
[DEBUG] from resource zip => assets/Resources/res/drawable-ldpi/appicon.png
[DEBUG] from resource zip => assets/Resources/res/drawable-mdpi/appicon.png
[DEBUG] from resource zip => assets/Resources/ui/ContactDetailWindow.js
[DEBUG] from resource zip => assets/Resources/ui/ContactsSearchView.js
[DEBUG] from resource zip => assets/Resources/util/constants.js
[DEBUG] from resource zip => assets/Resources/util/record.js
[DEBUG] from resource zip => assets/Resources/util/viewFactory.js
[DEBUG] from resource zip => assets/Resources/KS_nav_ui.png
[DEBUG] from resource zip => assets/Resources/KS_nav_views.png
[DEBUG] from resource zip => assets/Resources/app.js
[DEBUG] from resource zip => assets/Resources/appicon.png
[DEBUG] from resource zip => assets/Resources/arrow_select.png
[DEBUG] from resource zip => assets/Resources/att.js
[DEBUG] from resource zip => assets/Resources/contacts.js
[DEBUG] from resource zip => assets/Resources/default.png
[DEBUG] from resource zip => assets/app.json
[DEBUG] from resource zip => assets/index.json
[DEBUG] from resource zip => assets/tiapp.xml
[DEBUG] from resource zip => res/drawable/appicon.png
[DEBUG] from resource zip => res/drawable/background.png
[DEBUG] from resource zip => res/drawable/btn_check_buttonless_on_64.png
[DEBUG] from resource zip => res/drawable/btn_more_64.png
[DEBUG] from resource zip => res/drawable/disclosure_64.png
[DEBUG] from resource zip => res/layout/titanium_tabgroup.xml
[DEBUG] from resource zip => res/layout/titanium_ui_list_header_or_footer.xml
[DEBUG] from resource zip => res/layout/titanium_ui_list_item.xml
[DEBUG] from resource zip => AndroidManifest.xml
[DEBUG] from resource zip => resources.arsc
[DEBUG] from JAR /Users/dbecker/Library/Application Support/Titanium/mobilesdk/osx/3.1.0.GA/android/titanium.jar => org/appcelerator/titanium/build.properties
[DEBUG] from JAR /Users/dbecker/Library/Application Support/Titanium/mobilesdk/osx/3.1.0.GA/android/titanium.jar => org/appcelerator/titanium/res/drawable/background.png
[DEBUG] from JAR /Users/dbecker/Library/Application Support/Titanium/mobilesdk/osx/3.1.0.GA/android/titanium.jar => org/appcelerator/titanium/res/drawable/btn_check_buttonless_on.png
[DEBUG] from JAR /Users/dbecker/Library/Application Support/Titanium/mobilesdk/osx/3.1.0.GA/android/titanium.jar => org/appcelerator/titanium/res/drawable/btn_check_buttonless_on_18.png
[DEBUG] from JAR /Users/dbecker/Library/Application Support/Titanium/mobilesdk/osx/3.1.0.GA/android/titanium.jar => org/appcelerator/titanium/res/drawable/btn_check_buttonless_on_48.png
[DEBUG] from JAR /Users/dbecker/Library/Application Support/Titanium/mobilesdk/osx/3.1.0.GA/android/titanium.jar => org/appcelerator/titanium/res/drawable/btn_check_buttonless_on_64.png
[DEBUG] from JAR /Users/dbecker/Library/Application Support/Titanium/mobilesdk/osx/3.1.0.GA/android/titanium.jar => org/appcelerator/titanium/res/drawable/btn_more.png
[DEBUG] from JAR /Users/dbecker/Library/Application Support/Titanium/mobilesdk/osx/3.1.0.GA/android/titanium.jar => org/appcelerator/titanium/res/drawable/btn_more_18.png
[DEBUG] from JAR /Users/dbecker/Library/Application Support/Titanium/mobilesdk/osx/3.1.0.GA/android/titanium.jar => org/appcelerator/titanium/res/drawable/btn_more_48.png
[DEBUG] from JAR /Users/dbecker/Library/Application Support/Titanium/mobilesdk/osx/3.1.0.GA/android/titanium.jar => org/appcelerator/titanium/res/drawable/btn_more_64.png
[DEBUG] from JAR /Users/dbecker/Library/Application Support/Titanium/mobilesdk/osx/3.1.0.GA/android/titanium.jar => org/appcelerator/titanium/res/drawable/btn_picker_normal.9.png
[DEBUG] from JAR /Users/dbecker/Library/Application Support/Titanium/mobilesdk/osx/3.1.0.GA/android/titanium.jar => org/appcelerator/titanium/res/drawable/btn_picker_pressed.9.png
[DEBUG] from JAR /Users/dbecker/Library/Application Support/Titanium/mobilesdk/osx/3.1.0.GA/android/titanium.jar => org/appcelerator/titanium/res/drawable/btn_picker_selected.9.png
[DEBUG] from JAR /Users/dbecker/Library/Application Support/Titanium/mobilesdk/osx/3.1.0.GA/android/titanium.jar => org/appcelerator/titanium/res/drawable/default_icon.png
[DEBUG] from JAR /Users/dbecker/Library/Application Support/Titanium/mobilesdk/osx/3.1.0.GA/android/titanium.jar => org/appcelerator/titanium/res/drawable/photoDefault.png
[DEBUG] from JAR /Users/dbecker/Library/Application Support/Titanium/mobilesdk/osx/3.1.0.GA/android/modules/titanium-ui.jar => ti/modules/titanium/ui/widget/webview/binding.js
[DEBUG] from JAR /Users/dbecker/Library/Application Support/Titanium/mobilesdk/osx/3.1.0.GA/android/modules/titanium-ui.jar => ti/modules/titanium/ui/widget/webview/binding.min.js
[DEBUG] from JAR /Users/dbecker/Library/Application Support/Titanium/mobilesdk/osx/3.1.0.GA/android/modules/titanium-ui.jar => ti/modules/titanium/ui/widget/webview/json2.js
[DEBUG] from JAR /Users/dbecker/Library/Application Support/Titanium/mobilesdk/osx/3.1.0.GA/android/modules/titanium-ui.jar => ti/modules/titanium/ui/widget/webview/polling.js
[DEBUG] from JAR /Users/dbecker/Library/Application Support/Titanium/mobilesdk/osx/3.1.0.GA/android/modules/titanium-ui.jar => ti/modules/titanium/ui/widget/webview/polling.min.js
[DEBUG] from JAR /Users/dbecker/Library/Application Support/Titanium/mobilesdk/osx/3.1.0.GA/android/thirdparty.jar => org/apache/Commons-NOTICE.txt
[DEBUG] from JAR /Users/dbecker/Library/Application Support/Titanium/mobilesdk/osx/3.1.0.GA/android/thirdparty.jar => org/apache/HttpComponents-NOTICE.txt
[DEBUG] from JAR /Users/dbecker/Library/Application Support/Titanium/mobilesdk/osx/3.1.0.GA/android/thirdparty.jar => org/apache/mime4j-NOTICE.txt
[DEBUG] installing native lib: /Users/dbecker/ATT_APIPlatform_DemoApps/titanium/ATTContacts/modules/android/ti.api.att/1.1.0/libs/armeabi/libti.api.att.so
[DEBUG] installing native lib: /Users/dbecker/ATT_APIPlatform_DemoApps/titanium/ATTContacts/modules/android/ti.api.att/1.1.0/libs/armeabi-v7a/libti.api.att.so
[DEBUG] installing native lib: /Users/dbecker/ATT_APIPlatform_DemoApps/titanium/ATTContacts/modules/android/ti.api.att/1.1.0/libs/x86/libti.api.att.so
[DEBUG] installing native lib: /Users/dbecker/ATT_APIPlatform_DemoApps/titanium/ATTContacts/modules/android/ti.api.att.audiorecorder/1.0.0/libs/armeabi/libti.api.att.audiorecorder.so
[DEBUG] installing native lib: /Users/dbecker/ATT_APIPlatform_DemoApps/titanium/ATTContacts/modules/android/ti.api.att.audiorecorder/1.0.0/libs/armeabi-v7a/libti.api.att.audiorecorder.so
[DEBUG] installing native lib: /Users/dbecker/ATT_APIPlatform_DemoApps/titanium/ATTContacts/modules/android/ti.api.att.audiorecorder/1.0.0/libs/x86/libti.api.att.audiorecorder.so
[DEBUG] installing native SDK libs
[DEBUG] Waiting for device to be ready ...
[TRACE] adb devices returned 1 devices/emulators
[DEBUG] Device connected... (waited 0 seconds)
[DEBUG] waited 0.034180 seconds on emulator to get ready
[INFO] Installing application on device
[INFO] Application installed. Launch from drawer on Home Screen
